2023/10/19 21:37:10 Сервер запущен на порту 8080
2023/10/19 21:51:12 Сервер запущен на порту 8080
2023/10/19 21:51:32 sad
2023/10/19 21:51:32 name
2023/10/19 21:51:32 Handled data: {13234} Response: server 13234
2023/10/19 21:51:46 Retrieved data: map[query:13234 response:server 13234]
2023/10/19 20:18:48 Сервер запущен на порту 8080
2023/10/19 20:19:17 sad
2023/10/19 20:19:17 name
2023/10/19 20:19:17 Handled data: {13234} Response: server 13234
2023/10/19 20:19:52 Retrieved data: map[query:13234 response:server 13234]
2023/10/19 20:34:10 Сервер запущен на порту $PORT
2023/10/19 20:36:47 Сервер запущен на порту 8081
2023/10/19 20:44:24 Сервер запущен на порту {$PORT}
2023/10/19 20:44:25 listen tcp: lookup tcp/{$PORT}: Servname not supported for ai_socktype
2023/10/19 21:30:08 Сервер запущен на порту 8080
2023/10/19 21:35:15 Сервер запущен на порту 8081
2023/10/19 21:36:30 Сервер запущен на порту 8081
2023/10/19 21:37:31 Сервер запущен на порту 8081
2023/10/19 21:39:29 Сервер запущен на порту 8081
2023/10/20 09:14:00 Сервер запущен на порту 8082
2023/10/20 09:21:29 Сервер запущен на порту 8082
2023/10/20 09:21:49 sad
2023/10/20 09:21:49 nam2
2023/10/20 09:21:49 Handled data: {13234} Response: server 13234
2023/10/20 09:21:58 Retrieved data: map[query:13234 response:server 13234]
2023/10/20 09:30:48 Сервер запущен на порту 8082
2023/10/20 09:44:52 Сервер запущен на порту 8082
2023/10/20 09:46:14 Сервер запущен на порту 8082
2023/10/20 09:56:37 Сервер запущен на порту 8082
2023/10/20 10:00:52 Сервер запущен на порту 8082
2023/10/20 10:09:14 Сервер запущен на порту 8082
2023/10/20 10:15:46 Сервер запущен на порту 8082
2023/10/20 10:16:53 Сервер запущен на порту 8082
2023/10/20 10:19:40 Сервер запущен на порту 8082
2023/10/20 10:22:15 Сервер запущен на порту 8082
2023/10/20 10:23:07 Сервер запущен на порту 8082
2023/10/20 10:23:32 Сервер запущен на порту 8082
2023/10/20 10:23:53 Сервер запущен на порту 8082
2023/10/20 10:25:08 Сервер запущен на порту 8082
2023/10/20 10:26:43 Сервер запущен на порту 8082
2023/10/20 10:27:38 Сервер запущен на порту 8082
2023/10/20 10:31:54 Сервер запущен на порту 8082
2023/10/20 10:33:26 Сервер запущен на порту 8082
2023/10/20 10:36:39 Сервер запущен на порту 8082
2023/10/20 10:37:02 Сервер запущен на порту 8082
2023/10/20 10:39:06 Сервер запущен на порту 8082
2023/10/20 10:39:51 Сервер запущен на порту 8082
2023/10/20 10:40:58 Сервер запущен на порту 8082
2023/10/20 10:43:53 Сервер запущен на порту 8082
2023/10/20 10:44:21 Сервер запущен на порту 8082
2023/10/20 10:47:44 Сервер запущен на порту 8082
2023/10/20 10:48:26 Сервер запущен на порту 8082
2023/10/20 10:49:26 Сервер запущен на порту 8082
2023/10/20 10:51:45 Сервер запущен на порту 8083
2023/10/20 10:52:45 Сервер запущен на порту 8082
2023/10/20 10:53:12 Сервер запущен на порту 8082
2023/10/20 10:54:24 Сервер запущен на порту 8082
2023/10/20 10:55:48 Сервер запущен на порту 8082
2023/10/20 10:57:16 Сервер запущен на порту 8082
2023/10/20 10:57:57 Сервер запущен на порту 8082
2023/10/20 10:59:38 Сервер запущен на порту 8082
2023/10/20 11:00:24 Сервер запущен на порту 8082
2023/10/20 11:01:57 Сервер запущен на порту 8082
2023/10/20 11:02:18 Сервер запущен на порту 8082
2023/10/20 11:04:06 Сервер запущен на порту 8082
2023/10/20 11:04:32 Сервер запущен на порту 8082
2023/10/20 11:16:49 Сервер запущен на порту 8082
2023/10/20 11:17:39 Сервер запущен на порту 8082
2023/10/20 11:22:33 Сервер запущен на порту 8082
2023/10/20 11:23:25 Сервер запущен на порту 8082
2023/10/20 11:23:56 Сервер запущен на порту 8082
2023/10/20 11:26:10 Сервер запущен на порту 8082
2023/10/20 11:27:50 Сервер запущен на порту 8082
2023/10/20 11:31:22 Сервер запущен на порту 8082
2023/10/20 11:33:38 Сервер запущен на порту 8082
2023/10/20 11:40:23 Сервер запущен на порту 8082
2023/10/20 11:44:58 Сервер запущен на порту 8082
2023/10/20 11:45:35 Сервер запущен на порту 8082
2023/10/20 11:46:20 Сервер запущен на порту 8082
2023/10/20 11:47:58 Сервер запущен на порту 8082
2023/10/20 11:48:06 sad
2023/10/20 11:48:06 nam2
2023/10/20 11:48:06 Handled data: {13234} Response: server 13234
2023/10/20 11:50:26 Сервер запущен на порту 8082
2023/10/20 11:52:30 Сервер запущен на порту 8082
2023/10/20 11:53:41 Сервер запущен на порту 8082
2023/10/20 11:53:45 sad
2023/10/20 11:53:45 nam2
2023/10/20 11:53:45 Handled data: {13234} Response: server 13234
2023/10/20 11:54:32 Сервер запущен на порту 8082
2023/10/20 11:54:56 Сервер запущен на порту 8082
2023/10/20 11:55:00 sad
2023/10/20 11:55:00 nam2
2023/10/20 11:55:00 Handled data: {13234} Response: server 13234
2023/10/20 11:55:33 sad
2023/10/20 11:55:33 nam2
2023/10/20 11:55:33 Handled data: {13234} Response: server 13234
2023/10/20 11:55:56 sad
2023/10/20 11:55:56 nam2
2023/10/20 11:55:56 Handled data: {13234} Response: server 13234
2023/10/20 11:57:19 Сервер запущен на порту 8082
2023/10/20 11:57:24 sad
2023/10/20 11:57:24 nam2
2023/10/20 11:57:24 Handled data: {13234} Response: server 13234
2023/10/20 12:00:31 Сервер запущен на порту 8082
2023/10/20 12:00:36 sad
2023/10/20 12:00:36 nam2
2023/10/20 12:00:36 Handled data: {13234} Response: server 13234
2023/10/20 12:01:18 Сервер запущен на порту 8082
2023/10/20 12:01:28 sad
2023/10/20 12:01:28 nam2
2023/10/20 12:01:28 Handled data: {13234} Response: server 13234
2023/10/20 12:08:59 Сервер запущен на порту 8084
2023/10/20 12:33:03 Сервер запущен на порту 8084
2023/10/20 12:40:07 Сервер запущен на порту 8084
2023/10/20 12:40:15 sad
2023/10/20 12:40:15 nam2
2023/10/20 12:40:15 Handled data: {1234} Response: server 1234
2023/10/20 12:40:25 Retrieved data: map[query:1234 response:server 1234]
2023/10/20 12:50:19 Сервер запущен на порту 8085
2023/10/20 12:50:51 sad
2023/10/20 12:50:51 nam2
2023/10/20 12:50:51 Handled data: {1234} Response: server 1234
2023/10/20 12:51:01 Retrieved data: map[query:1234 response:server 1234]
2023/10/20 12:54:49 Сервер запущен на порту 8085
2023/10/20 12:54:57 sad
2023/10/20 12:54:57 ssss
2023/10/20 12:54:57 Handled data: {1234} Response: server 1234
2023/10/20 12:55:15 Retrieved data: map[query:1234 response:server 1234]
2023/10/20 12:55:40 Retrieved data: map[query:1234 response:server 1234]
2023/10/20 12:55:58 Retrieved data: map[query:1234 response:server 1234]
2023/10/20 14:51:39 Сервер запущен на порту 8085
2023/10/20 15:09:07 Сервер запущен на порту 8085
2023/10/20 15:10:13 ssss
2023/10/20 15:10:13 Handled data: {1234} Response: server 1234
2023/10/20 15:10:41 Retrieved data: map[query:1234 response:server 1234]
2023/10/23 08:26:14 Сервер запущен на порту 8087
2023/10/23 08:26:25 ssss
2023/10/23 08:26:25 Handled data: {1234} Response: server 1234
2023/10/23 08:26:50 ssss
2023/10/23 08:26:50 Handled data: {1234} Response: server 1234
2023/10/23 08:27:08 Retrieved data: map[query:1234 response:server 1234]
2023/10/23 10:55:05 Сервер запущен на порту 8087
2023/10/23 10:59:13 Сервер запущен на порту 8087
2023/10/23 10:59:18 ssss
2023/10/23 10:59:18 Handled data: {1234} Response: server 1234
2023/10/23 10:59:21 ssss
2023/10/23 10:59:21 Handled data: {1234} Response: server 1234
2023/10/23 10:59:29 Retrieved data: map[query:1234 response:server 1234]
2023/10/23 10:59:36 ssss
2023/10/23 10:59:36 Handled data: {1vxc} Response: server 1vxc
2023/10/23 10:59:44 ssss
2023/10/23 10:59:44 Handled data: {1vxc} Response: server 1vxc
2023/10/23 10:59:50 Retrieved data: map[query:1vxc response:server 1vxc]
2023/10/23 11:00:30 Retrieved data: map[query:1vxc response:server 1vxc]
2023/10/23 11:00:44 Retrieved data: map[query:1vxc response:server 1vxc]
2023/10/23 11:00:56 Retrieved data: map[query:1vxc response:server 1vxc]
2023/10/23 11:03:26 Retrieved data: map[query:1vxc response:server 1vxc]
2023/10/23 11:25:58 Retrieved data: map[query:1vxc response:server 1vxc]
2023/10/23 11:26:14 Retrieved data: map[query:1vxc response:server 1vxc]
2023/10/23 11:28:39 ssss
2023/10/23 11:28:39 Handled data: {1vxc} Response: server 1vxc
2023/10/23 11:28:45 Retrieved data: map[query:1vxc response:server 1vxc]
2023/10/27 13:21:28 Сервер запущен на порту 8080
2023/10/27 13:24:36 Сервер запущен на порту 8081
2023/10/27 13:25:41 Сервер запущен на порту 8081
2023/10/27 13:28:26 Server started on port 8080
2023/10/27 13:28:52 Server started on port 8081
2023/10/27 10:41:10 Server started on port 8087
2023/10/27 10:43:46 Server started on port 8087
2023/10/27 10:49:18 Server started on port 8087
2023/10/27 10:54:56 Server started on port 8087
2023/10/27 10:55:35 File was created
2023/10/27 10:58:52 Server started on port 8087
2023/10/27 10:58:59 Files was got
2023/10/27 10:59:23 File was created
2023/10/27 10:59:27 Files was got
2023/10/27 10:59:41 File was read
2023/10/27 10:59:56 File was read
2023/10/27 11:00:02 Files was got
2023/10/27 11:00:11 File was read
2023/10/27 11:00:41 File info was read
2023/10/27 11:01:11 File was updated
2023/10/27 11:01:23 File info was read
2023/10/27 11:01:30 File was read
2023/10/27 11:04:28 Server started on port 8087
2023/10/27 11:04:37 File was read
2023/10/27 11:04:43 Files was got
2023/10/27 11:05:01 File was deleted
2023/10/27 11:05:10 Files was got
2023/10/27 11:05:19 File was read
2023/10/27 11:15:14 Server started on port 8087
2023/10/27 11:19:13 Server started on port 8087
2023/10/27 11:19:22 File was created
2023/10/27 11:19:25 Files was got
2023/10/27 11:19:41 File was read
2023/10/27 11:20:01 File was read
2023/10/27 11:24:36 File was read
2023/10/27 11:26:52 File was read
2023/10/27 11:35:37 File was read
2023/10/27 11:35:47 File was read
2023/10/27 11:35:51 File was read
2023/10/27 11:58:57 Server started on port 8087
2023/10/27 11:59:49 File was created
2023/10/27 12:03:32 Server started on port 8087
2023/10/27 12:03:40 File was created
2023/10/27 12:03:43 Files was got
2023/10/27 12:03:51 File was read
2023/10/27 12:03:54 File was read
2023/10/27 12:04:01 File info was read
2023/10/27 12:04:23 File was updated
2023/10/27 12:04:29 File info was read
2023/10/27 12:04:34 File was read
2023/10/27 12:04:41 File was deleted
2023/10/27 12:04:48 Files was got
2023/10/30 07:39:44 Server started on port 8087
2023/10/30 07:42:11 Server started on port 8087
2023/10/30 07:42:49 File was created
2023/10/30 07:42:53 Files was got
2023/10/30 07:43:16 File was read
2023/10/30 07:43:52 File info was read
2023/10/30 07:44:21 File was updated
2023/10/30 07:44:29 File was read
2023/10/30 07:44:32 File was read
2023/10/30 07:44:40 File info was read
2023/10/30 07:44:47 File was deleted
2023/10/30 07:44:56 Files was got
2023/10/30 11:00:18 Server started on port 8087
2023/10/30 11:02:54 Server started on port 8087
2023/10/30 11:03:03 Files was got
2023/10/30 11:03:55 File was created
2023/10/30 11:03:59 Files was got
2023/10/30 11:04:08 File was read
2023/10/30 11:04:19 Files was got
2023/10/30 11:36:23 Files was got
2023/10/30 11:36:30 Files was got
2023/10/30 11:39:25 File was created
2023/10/30 11:39:32 Files was got
2023/10/30 11:39:52 File was read
2023/10/30 11:40:02 File info was read
2023/10/30 11:40:27 File was updated
2023/10/30 11:40:33 File was read
2023/10/30 11:40:39 File info was read
2023/10/30 11:40:50 File was deleted
2023/10/30 11:41:03 Files was got
